[2026-04-07T20:46:22.050Z] GET https://v4company.com/ → pending (?ms, ?B)
[2026-04-07T20:46:22.151Z] GET https://v4company.com/cdn-cgi/styles/cf.errors.css → 200 (16ms, 24051B)
[2026-04-07T20:46:22.191Z] GET https://v4company.com/cdn-cgi/images/browser-bar.png?1376755637 → 200 (1ms, 715B)
[2026-04-07T20:46:22.191Z] GET https://v4company.com/cdn-cgi/images/cf-no-screenshot-error.png → 200 (4ms, 3213B)
[2026-04-07T20:46:22.195Z] GET https://v4company.com/cdn-cgi/challenge-platform/scripts/jsd/main.js → 302 (15ms, ?B)
[2026-04-07T20:46:22.210Z] GET https://v4company.com/cdn-cgi/challenge-platform/h/b/scripts/jsd/625261456364/main.js? → 200 (20ms, ?B)
[2026-04-07T20:46:23.196Z] POST https://v4company.com/cdn-cgi/challenge-platform/h/b/jsd/oneshot/625261456364/0.8341079627790186:1775592972:eEEQf5dvuHD34zeQ6ABNr2jYji_DbvWGGWZ5x2g19ag/9e8be19c49e29d69 → 200 (30ms, ?B)
[2026-04-07T20:46:24.626Z] GET https://www.v4company.com/ → 403 (44ms, 4572B)
[2026-04-07T20:46:24.673Z] GET https://www.v4company.com/cdn-cgi/styles/cf.errors.css → 200 (15ms, 24051B)
[2026-04-07T20:46:24.691Z] GET https://www.v4company.com/cdn-cgi/images/browser-bar.png?1376755637 → 200 (13ms, 715B)
[2026-04-07T20:46:24.691Z] GET https://www.v4company.com/cdn-cgi/images/cf-no-screenshot-error.png → 200 (13ms, 3213B)
[2026-04-07T20:46:50.823Z] GET https://www.v4company.com/ → 403 (141ms, 4572B)
[2026-04-07T20:46:50.973Z] GET https://www.v4company.com/cdn-cgi/styles/cf.errors.css → 200 (12ms, 24051B)
[2026-04-07T20:46:51.002Z] GET https://www.v4company.com/cdn-cgi/images/browser-bar.png?1376755637 → 200 (3ms, 715B)
[2026-04-07T20:46:51.002Z] GET https://www.v4company.com/cdn-cgi/images/cf-no-screenshot-error.png → 200 (4ms, 3213B)
[2026-04-07T20:46:57.599Z] GET http://v4company.com/ → 307 (2ms, ?B)
[2026-04-07T20:46:57.602Z] GET https://v4company.com/ → 403 (21ms, 4572B)
[2026-04-07T20:46:57.629Z] GET https://v4company.com/cdn-cgi/styles/cf.errors.css → 200 (97ms, 24051B)
[2026-04-07T20:46:57.728Z] GET https://v4company.com/cdn-cgi/images/browser-bar.png?1376755637 → 200 (11ms, 715B)
[2026-04-07T20:46:57.728Z] GET https://v4company.com/cdn-cgi/images/cf-no-screenshot-error.png → 200 (12ms, 3213B)
[2026-04-07T20:47:08.538Z] GET https://www.google.com/search?q=v4+company&oq=v4+company&gs_lcrp=EgZjaHJvbWUyDAgAEEUYORixAxiABDIHCAEQABiABDIHCAIQABiABDIHCAMQABiABDIHCAQQABiABDINCAUQABiDARixAxiABDIHCAYQABiABDIHCAcQABiABDIHCAgQABiABDIHCAkQABiABNIBCDEzNzJqMGo0qAIAsAIA&sourceid=chrome&ie=UTF-8 → 200 (185ms, ?B)
[2026-04-07T20:47:08.817Z] GET https://www.google.com/search?q=v4+company&oq=v4+company&gs_lcrp=EgZjaHJvbWUyDAgAEEUYORixAxiABDIHCAEQABiABDIHCAIQABiABDIHCAMQABiABDIHCAQQABiABDINCAUQABiDARixAxiABDIHCAYQABiABDIHCAcQABiABDIHCAgQABiABDIHCAkQABiABNIBCDEzNzJqMGo0qAIAsAIA&sourceid=chrome&ie=UTF-8&sei=TG3VabrRI8SI5OUPooXRyAE → pending (?ms, ?B)
[2026-04-07T20:47:09.359Z] GET https://www.google.com/sorry/index?continue=https://www.google.com/search%3Fq%3Dv4%2Bcompany%26oq%3Dv4%2Bcompany%26gs_lcrp%3DEgZjaHJvbWUyDAgAEEUYORixAxiABDIHCAEQABiABDIHCAIQABiABDIHCAMQABiABDIHCAQQABiABDINCAUQABiDARixAxiABDIHCAYQABiABDIHCAcQABiABDIHCAgQABiABDIHCAkQABiABNIBCDEzNzJqMGo0qAIAsAIA%26sourceid%3Dchrome%26ie%3DUTF-8%26sei%3DTG3VabrRI8SI5OUPooXRyAE&q=EhAoBAFNrKIBW1yyLnM8eUTxGMza1c4GIjCLF4NwvVU-_Kp5kO297k0U881zvkScz5UI5n0N1viOwrw7bskOlTOuR2ThQIn2nQcyAVJaAUM → 429 (72ms, 4047B)
[2026-04-07T20:47:09.437Z] GET https://www.google.com/recaptcha/enterprise.js → 200 (69ms, 1638B)
[2026-04-07T20:47:09.507Z] GET https://www.gstatic.com/recaptcha/releases/kUYUkUlSyqkjTSMaN2w3RaOh/recaptcha__en.js → 200 (165ms, 871001B)
[2026-04-07T20:47:09.758Z] GET https://www.google.com/recaptcha/enterprise/anchor?ar=1&k=6LdLLIMbAAAAAIl-KLj9p1ePhM-4LCCDbjtJLqRO&co=aHR0cHM6Ly93d3cuZ29vZ2xlLmNvbTo0NDM.&hl=en&v=kUYUkUlSyqkjTSMaN2w3RaOh&size=normal&s=N5612dHb0H1p586VCi2VM3oDy06kS-fuFgODGL6yBHbh_6KNVhdtgbJ8lhXMGZZ4x5z-OP-Cg09OT8A7v7uGcgmaqpLIIeIhjsN5ayjPz3T9aSNehX8lh1ZZv2kM7ddLRhU1yRQYWcEnVF0HSLRTEbyROGDF6NnQIqQ4uFQmgczM6o4qBHL2TbGCnoWpZui9QB2N4X68yAqVzg_a1FV9VidCXMcRZ9sHxW77AcoLqDCJ6F3JrURrf7d-gqY9i70xeQ1GnWqoCmolIyx411YzB2Wqa9S2g4U&anchor-ms=20000&execute-ms=30000&cb=tm0patpj1vq4 → 200 (93ms, 54779B)
[2026-04-07T20:47:09.852Z] GET https://www.gstatic.com/recaptcha/releases/kUYUkUlSyqkjTSMaN2w3RaOh/styles__ltr.css → 200 (81ms, 83366B)
[2026-04-07T20:47:09.852Z] GET https://www.gstatic.com/recaptcha/releases/kUYUkUlSyqkjTSMaN2w3RaOh/recaptcha__en.js → 200 (17ms, 871001B)
[2026-04-07T20:47:10.003Z] GET https://www.google.com/recaptcha/enterprise/webworker.js?hl=en&v=kUYUkUlSyqkjTSMaN2w3RaOh → 200 (70ms, ?B)
[2026-04-07T20:47:10.010Z] GET https://www.gstatic.com/recaptcha/api2/logo_48.png → 200 (3ms, 2228B)
[2026-04-07T20:47:10.010Z] GET https://fonts.gstatic.com/s/roboto/v48/KFO7CnqEu92Fr1ME7kSn66aGLdTylUAMa3yUBHMdazQ.woff2 → pending (?ms, ?B)
[2026-04-07T20:47:10.073Z] GET https://www.gstatic.com/recaptcha/releases/kUYUkUlSyqkjTSMaN2w3RaOh/recaptcha__en.js → pending (?ms, ?B)
[2026-04-07T20:47:10.336Z] GET https://www.google.com/recaptcha/enterprise/bframe?hl=en&v=kUYUkUlSyqkjTSMaN2w3RaOh&k=6LdLLIMbAAAAAIl-KLj9p1ePhM-4LCCDbjtJLqRO&bft=0dAFcWeA6lIecGqW6bwjS9YKsoIV8LtMQ28jz5JYoAnvcT-kvkH5gU4nX60x7jRjEY9dnE9Lj3vl73VKaqhkD6ZnBvjr-FKc659A → 200 (78ms, 17200B)
[2026-04-07T20:47:10.417Z] GET https://www.gstatic.com/recaptcha/releases/kUYUkUlSyqkjTSMaN2w3RaOh/styles__ltr.css → 200 (?ms, 83366B)
[2026-04-07T20:47:10.417Z] GET https://www.gstatic.com/recaptcha/releases/kUYUkUlSyqkjTSMaN2w3RaOh/recaptcha__en.js → 200 (?ms, 871001B)
[2026-04-07T20:47:10.451Z] GET https://fonts.gstatic.com/s/roboto/v48/KFO7CnqEu92Fr1ME7kSn66aGLdTylUAMa3yUBHMdazQ.woff2 → 200 (?ms, ?B)
[2026-04-07T20:47:11.157Z] POST https://www.google.com/recaptcha/enterprise/reload?k=6LdLLIMbAAAAAIl-KLj9p1ePhM-4LCCDbjtJLqRO → 200 (199ms, 4930B)
[2026-04-07T20:47:11.356Z] GET https://www.gstatic.com/recaptcha/api2/canonical_car.png → 200 (11ms, 11174B)
[2026-04-07T20:47:11.356Z] GET https://www.gstatic.com/recaptcha/api2/refresh_2x.png → 200 (11ms, 600B)
[2026-04-07T20:47:11.356Z] GET https://www.gstatic.com/recaptcha/api2/audio_2x.png → 200 (11ms, 530B)
[2026-04-07T20:47:11.356Z] GET https://www.gstatic.com/recaptcha/api2/info_2x.png → 200 (11ms, 665B)
[2026-04-07T20:47:11.356Z] GET https://www.google.com/recaptcha/enterprise/payload?p=06AFcWeA53GMlckYssN6Y0gZGnxtSmkeiPfuTAAZjQHFJWXayeOOz5v3h-GAlvpdWrRZh39Hiet8h0yWbHOiWkVQLeokUN9GoQH94xm7HjkmZ5ws5PC0o82PPy4N9E8VMW-usTFERE1W6L_KjW2z_EK-vk_wOiuE6sGh3kFUaLUCX4LYHipjKStOgrS_0oi5TsxsvTyQYaqRsJg0P50WVrvYvofMIYOp9i906BQYC6IrNM69ZjvvTeHI0&k=6LdLLIMbAAAAAIl-KLj9p1ePhM-4LCCDbjtJLqRO → 200 (79ms, 29994B)
